<?xml version="1.0" encoding="UTF-8"?>
<testsuite xmlns:xsi="http://www.w3.org/2001/XMLSchema-instance" xsi:noNamespaceSchemaLocation="https://maven.apache.org/surefire/maven-surefire-plugin/xsd/surefire-test-report.xsd" version="3.0.2" name="org.example.TaskEntityCrudApplicationTests" time="7.16" tests="1" errors="0" skipped="0" failures="0">
  <properties>
[...]
</properties>
  <testcase name="contextLoads" classname="org.example.TaskEntityCrudApplicationTests" time="0.454">
    <system-out><![CDATA[16:32:42.596 [main] INFO org.springframework.test.context.support.AnnotationConfigContextLoaderUtils -- Could not detect default configuration classes for test class [org.example.TaskEntityCrudApplicationTests]: TaskEntityCrudApplicationTests does not declare any static, non-private, non-final, nested classes annotated with @Configuration.
16:32:42.776 [main] INFO org.springframework.boot.test.context.SpringBootTestContextBootstrapper -- Found @SpringBootConfiguration org.example.CrudTaskApplication for test class org.example.TaskEntityCrudApplicationTests
16:32:43.040 [main] INFO org.springframework.boot.devtools.restart.RestartApplicationListener -- Restart disabled due to context in which it is running

  .   ____          _            __ _ _
 /\\ / ___'_ __ _ _(_)_ __  __ _ \ \ \ \
( ( )\___ | '_ | '_| | '_ \/ _` | \ \ \ \
 \\/  ___)| |_)| | | | | || (_| |  ) ) ) )
  '  |____| .__|_| |_|_| |_\__, | / / / /
 =========|_|==============|___/=/_/_/_/

 :: Spring Boot ::                (v3.5.0)

2025-06-04T16:32:43.494-03:00  INFO 5992 --- [Task-Crud] [           main] o.e.TaskEntityCrudApplicationTests       : Starting TaskEntityCrudApplicationTests using Java 24.0.1 with PID 5992 (started by Yukin in C:\Users\Yukin\Desktop\Estudo\programming_General\Projetos\JAVA\SPRINGBOOT\Task-Crud)
2025-06-04T16:32:43.496-03:00  INFO 5992 --- [Task-Crud] [           main] o.e.TaskEntityCrudApplicationTests       : No active profile set, falling back to 1 default profile: "default"
2025-06-04T16:32:44.527-03:00  INFO 5992 --- [Task-Crud] [           main] .s.d.r.c.RepositoryConfigurationDelegate : Bootstrapping Spring Data JPA repositories in DEFAULT mode.
2025-06-04T16:32:44.621-03:00  INFO 5992 --- [Task-Crud] [           main] .s.d.r.c.RepositoryConfigurationDelegate : Finished Spring Data repository scanning in 76 ms. Found 1 JPA repository interface.
2025-06-04T16:32:45.251-03:00  INFO 5992 --- [Task-Crud] [           main] o.hibernate.jpa.internal.util.LogHelper  : HHH000204: Processing PersistenceUnitInfo [name: default]
2025-06-04T16:32:45.345-03:00  INFO 5992 --- [Task-Crud] [           main] org.hibernate.Version                    : HHH000412: Hibernate ORM core version 6.6.15.Final
2025-06-04T16:32:45.413-03:00  INFO 5992 --- [Task-Crud] [           main] o.h.c.internal.RegionFactoryInitiator    : HHH000026: Second-level cache disabled
2025-06-04T16:32:46.004-03:00  INFO 5992 --- [Task-Crud] [           main] o.s.o.j.p.SpringPersistenceUnitInfo      : No LoadTimeWeaver setup: ignoring JPA class transformer
2025-06-04T16:32:46.056-03:00  INFO 5992 --- [Task-Crud] [           main] com.zaxxer.hikari.HikariDataSource       : HikariPool-1 - Starting...
2025-06-04T16:32:46.520-03:00  INFO 5992 --- [Task-Crud] [           main] com.zaxxer.hikari.pool.HikariPool        : HikariPool-1 - Added connection com.mysql.cj.jdbc.ConnectionImpl@52657d5f
2025-06-04T16:32:46.522-03:00  INFO 5992 --- [Task-Crud] [           main] com.zaxxer.hikari.HikariDataSource       : HikariPool-1 - Start completed.
2025-06-04T16:32:46.587-03:00  WARN 5992 --- [Task-Crud] [           main] org.hibernate.orm.deprecation            : HHH90000025: MySQLDialect does not need to be specified explicitly using 'hibernate.dialect' (remove the property setting and it will be selected by default)
2025-06-04T16:32:46.614-03:00  INFO 5992 --- [Task-Crud] [           main] org.hibernate.orm.connections.pooling    : HHH10001005: Database info:
	Database JDBC URL [Connecting through datasource 'HikariDataSource (HikariPool-1)']
	Database driver: undefined/unknown
	Database version: 8.0.42
	Autocommit mode: undefined/unknown
	Isolation level: undefined/unknown
	Minimum pool size: undefined/unknown
	Maximum pool size: undefined/unknown
2025-06-04T16:32:47.767-03:00  INFO 5992 --- [Task-Crud] [           main] o.h.e.t.j.p.i.JtaPlatformInitiator       : HHH000489: No JTA platform available (set 'hibernate.transaction.jta.platform' to enable JTA platform integration)
2025-06-04T16:32:47.829-03:00  INFO 5992 --- [Task-Crud] [           main] j.LocalContainerEntityManagerFactoryBean : Initialized JPA EntityManagerFactory for persistence unit 'default'
2025-06-04T16:32:48.446-03:00  WARN 5992 --- [Task-Crud] [           main] JpaBaseConfiguration$JpaWebConfiguration : spring.jpa.open-in-view is enabled by default. Therefore, database queries may be performed during view rendering. Explicitly configure spring.jpa.open-in-view to disable this warning
2025-06-04T16:32:48.881-03:00  WARN 5992 --- [Task-Crud] [           main] ion$DefaultTemplateResolverConfiguration : Cannot find template location: classpath:/templates/ (please add some templates, check your Thymeleaf configuration, or set spring.thymeleaf.check-template-location=false)
2025-06-04T16:32:49.061-03:00  INFO 5992 --- [Task-Crud] [           main] o.e.TaskEntityCrudApplicationTests       : Started TaskEntityCrudApplicationTests in 6.04 seconds (process running for 7.473)
]]></system-out>
    <system-err><![CDATA[Mockito is currently self-attaching to enable the inline-mock-maker. This will no longer work in future releases of the JDK. Please add Mockito as an agent to your build as described in Mockito's documentation: https://javadoc.io/doc/org.mockito/mockito-core/latest/org.mockito/org/mockito/Mockito.html#0.3
WARNING: A Java agent has been loaded dynamically (C:\Users\Yukin\.m2\repository\net\bytebuddy\byte-buddy-agent\1.17.5\byte-buddy-agent-1.17.5.jar)
WARNING: If a serviceability tool is in use, please run with -XX:+EnableDynamicAgentLoading to hide this warning
WARNING: If a serviceability tool is not in use, please run with -Djdk.instrument.traceUsage for more information
WARNING: Dynamic loading of agents will be disallowed by default in a future release
]]></system-err>
  </testcase>
</testsuite>